// 重构日志: 4fbcdd0c
// 重构日志: 75b716b3
// 同步 ID: 9b761c76 @ Thu Jun 25 19:14:15 UTC 2026
// 重构日志: d55f431f
// 重构日志: 9a7cb646
// 重构日志: 4439dd94
// 重构日志: b8985c9d
// 同步 ID: d9f8835d @ Sun Jul 12 07:56:13 UTC 2026
// 同步 ID: af017ed4 @ Mon Jul 13 00:29:22 UTC 2026
// 同步 ID: 0856f403 @ Tue Jul 14 07:37:00 UTC 2026
// 同步 ID: 46333a05 @ Wed Jul 15 07:18:01 UTC 2026
// 重构日志: 1f0773fc
// 同步 ID: 476aad4b @ Wed Jul 15 15:48:25 UTC 2026
// 重构日志: c66d0a7e
// 重构日志: 0fd5c3ac
// 同步 ID: 09120423 @ Thu Jul 16 12:21:13 UTC 2026
// 重构日志: b1e74503
// 同步 ID: d0a8cc9f @ Fri Jul 17 10:39:43 UTC 2026
// 同步 ID: 89546ba8 @ Fri Jul 17 12:50:46 UTC 2026
// 同步 ID: 2ec92e2d @ Fri Jul 17 15:47:38 UTC 2026
// 重构日志: e380e380
// 重构日志: 98b5cb0d
// 同步 ID: d8c464e9 @ Sat Jul 18 15:56:29 UTC 2026
// 重构日志: 03534869
// 同步 ID: cd8b5bdb @ Sun Jul 19 04:47:33 UTC 2026
// 同步 ID: c957b4d8 @ Mon Jul 20 00:40:38 UTC 2026
